<?xml version="1.0" encoding="UTF-8"?>
<testng-results skipped="0" failed="0" ignored="0" total="2" passed="2">
  <reporter-output>
  </reporter-output>
  <suite name="Suite" duration-ms="48299" started-at="2018-11-24T07:40:42Z" finished-at="2018-11-24T07:41:31Z">
    <groups>
    </groups>
    <test name="Test" duration-ms="48299" started-at="2018-11-24T07:40:42Z" finished-at="2018-11-24T07:41:31Z">
      <class name="Mercurymvndemo">
        <test-method status="PASS" signature="Open_browser()[pri:0, instance:Mercurymvndemo@7c75222b]" name="Open_browser" is-config="true" duration-ms="16889" started-at="2018-11-24T07:40:25Z" finished-at="2018-11-24T07:40:42Z">
          <reporter-output>
          </reporter-output>
        </test-method> <!-- Open_browser -->
        <test-method status="PASS" signature="Enter_Application()[pri:0, instance:Mercurymvndemo@7c75222b]" name="Enter_Application" is-config="true" duration-ms="19330" started-at="2018-11-24T07:40:42Z" finished-at="2018-11-24T07:41:02Z">
          <reporter-output>
          </reporter-output>
        </test-method> <!-- Enter_Application -->
        <test-method status="PASS" signature="Maximize()[pri:1, instance:Mercurymvndemo@7c75222b]" name="Maximize" duration-ms="1288" started-at="2018-11-24T07:41:02Z" finished-at="2018-11-24T07:41:03Z">
          <reporter-output>
          </reporter-output>
        </test-method> <!-- Maximize -->
        <test-method status="PASS" signature="Loginwithvaliddetalis()[pri:2, instance:Mercurymvndemo@7c75222b]" name="Loginwithvaliddetalis" duration-ms="27477" started-at="2018-11-24T07:41:03Z" finished-at="2018-11-24T07:41:31Z">
          <reporter-output>
          </reporter-output>
        </test-method> <!-- Loginwithvaliddetalis -->
        <test-method status="PASS" signature="afterSuite()[pri:0, instance:Mercurymvndemo@7c75222b]" name="afterSuite" is-config="true" duration-ms="928" started-at="2018-11-24T07:41:31Z" finished-at="2018-11-24T07:41:32Z">
          <reporter-output>
          </reporter-output>
        </test-method> <!-- afterSuite -->
      </class> <!-- Mercurymvndemo -->
    </test> <!-- Test -->
  </suite> <!-- Suite -->
</testng-results>
